2024-08-29T10:26:36.360+05:30  INFO 1752 --- [21-advancemappings-app] [restartedMain] com.aurionpro.mappings.Application       : Starting Application using Java 21.0.3 with PID 1752 (D:\SpringAssignments\21-advancemappings-app\target\classes started by Neha.Auti in D:\SpringAssignments\21-advancemappings-app)
2024-08-29T10:26:36.547+05:30  INFO 1752 --- [21-advancemappings-app] [restartedMain] com.aurionpro.mappings.Application       : No active profile set, falling back to 1 default profile: "default"
2024-08-29T10:26:36.641+05:30  INFO 1752 --- [21-advancemappings-app] [restartedMain] .e.DevToolsPropertyDefaultsPostProcessor : Devtools property defaults active! Set 'spring.devtools.add-properties' to 'false' to disable
2024-08-29T10:26:36.642+05:30  INFO 1752 --- [21-advancemappings-app] [restartedMain] .e.DevToolsPropertyDefaultsPostProcessor : For additional web related logging consider setting the 'logging.level.web' property to 'DEBUG'
2024-08-29T10:26:38.336+05:30  INFO 1752 --- [21-advancemappings-app] [restartedMain] .s.d.r.c.RepositoryConfigurationDelegate : Bootstrapping Spring Data JPA repositories in DEFAULT mode.
2024-08-29T10:26:38.506+05:30  INFO 1752 --- [21-advancemappings-app] [restartedMain] .s.d.r.c.RepositoryConfigurationDelegate : Finished Spring Data repository scanning in 157 ms. Found 5 JPA repository interfaces.
2024-08-29T10:26:39.771+05:30  INFO 1752 --- [21-advancemappings-app] [restartedMain] o.s.b.w.embedded.tomcat.TomcatWebServer  : Tomcat initialized with port 8080 (http)
2024-08-29T10:26:39.801+05:30  INFO 1752 --- [21-advancemappings-app] [restartedMain] o.apache.catalina.core.StandardService   : Starting service [Tomcat]
2024-08-29T10:26:39.802+05:30  INFO 1752 --- [21-advancemappings-app] [restartedMain] o.apache.catalina.core.StandardEngine    : Starting Servlet engine: [Apache Tomcat/10.1.28]
2024-08-29T10:26:39.891+05:30  INFO 1752 --- [21-advancemappings-app] [restartedMain] o.a.c.c.C.[Tomcat].[localhost].[/]       : Initializing Spring embedded WebApplicationContext
2024-08-29T10:26:39.891+05:30  INFO 1752 --- [21-advancemappings-app] [restartedMain] w.s.c.ServletWebServerApplicationContext : Root WebApplicationContext: initialization completed in 3248 ms
2024-08-29T10:26:40.240+05:30  INFO 1752 --- [21-advancemappings-app] [restartedMain] o.hibernate.jpa.internal.util.LogHelper  : HHH000204: Processing PersistenceUnitInfo [name: default]
2024-08-29T10:26:40.357+05:30  INFO 1752 --- [21-advancemappings-app] [restartedMain] org.hibernate.Version                    : HHH000412: Hibernate ORM core version 6.5.2.Final
2024-08-29T10:26:40.417+05:30  INFO 1752 --- [21-advancemappings-app] [restartedMain] o.h.c.internal.RegionFactoryInitiator    : HHH000026: Second-level cache disabled
2024-08-29T10:26:40.956+05:30  INFO 1752 --- [21-advancemappings-app] [restartedMain] o.s.o.j.p.SpringPersistenceUnitInfo      : No LoadTimeWeaver setup: ignoring JPA class transformer
2024-08-29T10:26:41.019+05:30  INFO 1752 --- [21-advancemappings-app] [restartedMain] com.zaxxer.hikari.HikariDataSource       : HikariPool-1 - Starting...
2024-08-29T10:26:41.622+05:30  INFO 1752 --- [21-advancemappings-app] [restartedMain] com.zaxxer.hikari.pool.HikariPool        : HikariPool-1 - Added connection com.mysql.cj.jdbc.ConnectionImpl@6ebe2184
2024-08-29T10:26:41.626+05:30  INFO 1752 --- [21-advancemappings-app] [restartedMain] com.zaxxer.hikari.HikariDataSource       : HikariPool-1 - Start completed.
2024-08-29T10:26:43.362+05:30  INFO 1752 --- [21-advancemappings-app] [restartedMain] o.h.e.t.j.p.i.JtaPlatformInitiator       : HHH000489: No JTA platform available (set 'hibernate.transaction.jta.platform' to enable JTA platform integration)
2024-08-29T10:26:43.549+05:30  INFO 1752 --- [21-advancemappings-app] [restartedMain] j.LocalContainerEntityManagerFactoryBean : Initialized JPA EntityManagerFactory for persistence unit 'default'
2024-08-29T10:26:44.326+05:30  WARN 1752 --- [21-advancemappings-app] [restartedMain] JpaBaseConfiguration$JpaWebConfiguration : spring.jpa.open-in-view is enabled by default. Therefore, database queries may be performed during view rendering. Explicitly configure spring.jpa.open-in-view to disable this warning
2024-08-29T10:26:45.152+05:30  INFO 1752 --- [21-advancemappings-app] [restartedMain] r$InitializeUserDetailsManagerConfigurer : Global AuthenticationManager configured with UserDetailsService bean with name inMemoryUserDetailsManager
2024-08-29T10:26:45.478+05:30  INFO 1752 --- [21-advancemappings-app] [restartedMain] o.s.b.d.a.OptionalLiveReloadServer       : LiveReload server is running on port 35729
2024-08-29T10:26:45.557+05:30  INFO 1752 --- [21-advancemappings-app] [restartedMain] o.s.b.w.embedded.tomcat.TomcatWebServer  : Tomcat started on port 8080 (http) with context path '/'
2024-08-29T10:26:45.574+05:30  INFO 1752 --- [21-advancemappings-app] [restartedMain] com.aurionpro.mappings.Application       : Started Application in 9.948 seconds (process running for 10.884)
2024-08-29T10:29:12.979+05:30  INFO 1752 --- [21-advancemappings-app] [http-nio-8080-exec-1] o.a.c.c.C.[Tomcat].[localhost].[/]       : Initializing Spring DispatcherServlet 'dispatcherServlet'
2024-08-29T10:29:12.980+05:30  INFO 1752 --- [21-advancemappings-app] [http-nio-8080-exec-1] o.s.web.servlet.DispatcherServlet        : Initializing Servlet 'dispatcherServlet'
2024-08-29T10:29:12.982+05:30  INFO 1752 --- [21-advancemappings-app] [http-nio-8080-exec-1] o.s.web.servlet.DispatcherServlet        : Completed initialization in 2 ms
2024-08-29T10:29:13.427+05:30  WARN 1752 --- [21-advancemappings-app] [http-nio-8080-exec-1] .w.s.m.s.DefaultHandlerExceptionResolver : Resolved [org.springframework.web.bind.MissingServletRequestParameterException: Required request parameter 'pageNumber' for method parameter type int is not present]
2024-08-29T10:30:16.257+05:30  WARN 1752 --- [21-advancemappings-app] [http-nio-8080-exec-8] .w.s.m.s.DefaultHandlerExceptionResolver : Resolved [org.springframework.web.bind.MissingServletRequestParameterException: Required request parameter 'pageNumber' for method parameter type int is not present]
